<?xml version="1.0" encoding="UTF-8"?>
<!-- Generated by org.testng.reporters.JUnitXMLReporter -->
<testsuite ignored="0" hostname="dell" failures="0" tests="3" name="Test" time="25.417" errors="0" timestamp="12 Feb 2023 00:01:37 GMT">
  <testcase classname="Automationtalks.demoproject.Testclass" name="Test1" time="5.836"/>
  <testcase classname="Automationtalks.demoproject.Testclass" name="Test2" time="6.682"/>
  <testcase classname="Automationtalks.demoproject.Testclass" name="Test3" time="5.348"/>
</testsuite> <!-- Test -->
